# JRE version: Java(TM) SE Runtime Environment (8.0_45-b14) (build 1.8.0_45-b14)
# Java VM: Java HotSpot(TM) 64-Bit Server VM (25.45-b02 mixed mode linux-amd64 compressed oops)
Heap:
 PSYoungGen      total 261632K, used 60900K [0x00000000ec180000, 0x00000000fed80000, 0x0000000100000000)
  eden space 251904K, 24% used [0x00000000ec180000,0x00000000efcd92d8,0x00000000fb780000)
  from space 9728K, 1% used [0x00000000fda80000,0x00000000fdaa0000,0x00000000fe400000)
  to   space 9216K, 0% used [0x00000000fe480000,0x00000000fe480000,0x00000000fed80000)
 ParOldGen       total 59392K, used 34908K [0x00000000c4400000, 0x00000000c7e00000, 0x00000000ec180000)
  object space 59392K, 58% used [0x00000000c4400000,0x00000000c6617220,0x00000000c7e00000)
 Metaspace       used 31765K, capacity 34828K, committed 35120K, reserved 1077248K
  class space    used 5525K, capacity 6616K, committed 6704K, reserved 1048576K
GC Heap History (10 events):
Event: 176,553 GC heap before
{Heap before GC invocations=21 (full 2):
 PSYoungGen      total 314880K, used 128K [0x00000000ec180000, 0x0000000100000000, 0x0000000100000000)
  eden space 304640K, 0% used [0x00000000ec180000,0x00000000ec180000,0x00000000feb00000)
  from space 10240K, 1% used [0x00000000feb00000,0x00000000feb20000,0x00000000ff500000)
  to   space 10240K, 0% used [0x00000000ff600000,0x00000000ff600000,0x0000000100000000)
 ParOldGen       total 40960K, used 37163K [0x00000000c4400000, 0x00000000c6c00000, 0x00000000ec180000)
  object space 40960K, 90% used [0x00000000c4400000,0x00000000c684ae68,0x00000000c6c00000)
 Metaspace       used 31755K, capacity 34828K, committed 35120K, reserved 1077248K
  class space    used 5522K, capacity 6616K, committed 6704K, reserved 1048576K
Event: 176,723 GC heap after
Heap after GC invocations=21 (full 2):
 PSYoungGen      total 314880K, used 0K [0x00000000ec180000, 0x0000000100000000, 0x0000000100000000)
  eden space 304640K, 0% used [0x00000000ec180000,0x00000000ec180000,0x00000000feb00000)
  from space 10240K, 0% used [0x00000000feb00000,0x00000000feb00000,0x00000000ff500000)
  to   space 10240K, 0% used [0x00000000ff600000,0x00000000ff600000,0x0000000100000000)
 ParOldGen       total 59392K, used 34908K [0x00000000c4400000, 0x00000000c7e00000, 0x00000000ec180000)
  object space 59392K, 58% used [0x00000000c4400000,0x00000000c6617220,0x00000000c7e00000)
 Metaspace       used 31755K, capacity 34828K, committed 35120K, reserved 1077248K
  class space    used 5522K, capacity 6616K, committed 6704K, reserved 1048576K
}
Event: 198,749 GC heap before
{Heap before GC invocations=22 (full 2):
 PSYoungGen      total 314880K, used 304640K [0x00000000ec180000, 0x0000000100000000, 0x0000000100000000)
  eden space 304640K, 100% used [0x00000000ec180000,0x00000000feb00000,0x00000000feb00000)
  from space 10240K, 0% used [0x00000000feb00000,0x00000000feb00000,0x00000000ff500000)
  to   space 10240K, 0% used [0x00000000ff600000,0x00000000ff600000,0x0000000100000000)
 ParOldGen       total 59392K, used 34908K [0x00000000c4400000, 0x00000000c7e00000, 0x00000000ec180000)
  object space 59392K, 58% used [0x00000000c4400000,0x00000000c6617220,0x00000000c7e00000)
 Metaspace       used 31756K, capacity 34828K, committed 35120K, reserved 1077248K
  class space    used 5522K, capacity 6616K, committed 6704K, reserved 1048576K
Event: 198,754 GC heap after
Heap after GC invocations=22 (full 2):
 PSYoungGen      total 290816K, used 128K [0x00000000ec180000, 0x00000000ff680000, 0x0000000100000000)
  eden space 290304K, 0% used [0x00000000ec180000,0x00000000ec180000,0x00000000fdd00000)
  from space 512K, 25% used [0x00000000ff600000,0x00000000ff620000,0x00000000ff680000)
  to   space 10240K, 0% used [0x00000000fe280000,0x00000000fe280000,0x00000000fec80000)
 ParOldGen       total 59392K, used 34908K [0x00000000c4400000, 0x00000000c7e00000, 0x00000000ec180000)
  object space 59392K, 58% used [0x00000000c4400000,0x00000000c6617220,0x00000000c7e00000)
 Metaspace       used 31756K, capacity 34828K, committed 35120K, reserved 1077248K
  class space    used 5522K, capacity 6616K, committed 6704K, reserved 1048576K
}
Event: 219,879 GC heap before
{Heap before GC invocations=23 (full 2):
 PSYoungGen      total 290816K, used 290432K [0x00000000ec180000, 0x00000000ff680000, 0x0000000100000000)
  eden space 290304K, 100% used [0x00000000ec180000,0x00000000fdd00000,0x00000000fdd00000)
  from space 512K, 25% used [0x00000000ff600000,0x00000000ff620000,0x00000000ff680000)
  to   space 10240K, 0% used [0x00000000fe280000,0x00000000fe280000,0x00000000fec80000)
 ParOldGen       total 59392K, used 34908K [0x00000000c4400000, 0x00000000c7e00000, 0x00000000ec180000)
  object space 59392K, 58% used [0x00000000c4400000,0x00000000c6617220,0x00000000c7e00000)
 Metaspace       used 31756K, capacity 34828K, committed 35120K, reserved 1077248K
  class space    used 5522K, capacity 6616K, committed 6704K, reserved 1048576K
Event: 219,883 GC heap after
Heap after GC invocations=23 (full 2):
 PSYoungGen      total 287232K, used 96K [0x00000000ec180000, 0x00000000ff680000, 0x0000000100000000)
  eden space 276992K, 0% used [0x00000000ec180000,0x00000000ec180000,0x00000000fd000000)
  from space 10240K, 0% used [0x00000000fe280000,0x00000000fe298000,0x00000000fec80000)
  to   space 9728K, 0% used [0x00000000fed00000,0x00000000fed00000,0x00000000ff680000)
 ParOldGen       total 59392K, used 34908K [0x00000000c4400000, 0x00000000c7e00000, 0x00000000ec180000)
  object space 59392K, 58% used [0x00000000c4400000,0x00000000c6617220,0x00000000c7e00000)
 Metaspace       used 31756K, capacity 34828K, committed 35120K, reserved 1077248K
  class space    used 5522K, capacity 6616K, committed 6704K, reserved 1048576K
}
Event: 240,062 GC heap before
{Heap before GC invocations=24 (full 2):
 PSYoungGen      total 287232K, used 277088K [0x00000000ec180000, 0x00000000ff680000, 0x0000000100000000)
  eden space 276992K, 100% used [0x00000000ec180000,0x00000000fd000000,0x00000000fd000000)
  from space 10240K, 0% used [0x00000000fe280000,0x00000000fe298000,0x00000000fec80000)
  to   space 9728K, 0% used [0x00000000fed00000,0x00000000fed00000,0x00000000ff680000)
 ParOldGen       total 59392K, used 34908K [0x00000000c4400000, 0x00000000c7e00000, 0x00000000ec180000)
  object space 59392K, 58% used [0x00000000c4400000,0x00000000c6617220,0x00000000c7e00000)
 Metaspace       used 31756K, capacity 34828K, committed 35120K, reserved 1077248K
  class space    used 5522K, capacity 6616K, committed 6704K, reserved 1048576K
Event: 240,066 GC heap after
Heap after GC invocations=24 (full 2):
 PSYoungGen      total 264704K, used 128K [0x00000000ec180000, 0x00000000fed80000, 0x0000000100000000)
  eden space 264192K, 0% used [0x00000000ec180000,0x00000000ec180000,0x00000000fc380000)
  from space 512K, 25% used [0x00000000fed00000,0x00000000fed20000,0x00000000fed80000)
  to   space 9728K, 0% used [0x00000000fda80000,0x00000000fda80000,0x00000000fe400000)
 ParOldGen       total 59392K, used 34908K [0x00000000c4400000, 0x00000000c7e00000, 0x00000000ec180000)
  object space 59392K, 58% used [0x00000000c4400000,0x00000000c6617220,0x00000000c7e00000)
 Metaspace       used 31756K, capacity 34828K, committed 35120K, reserved 1077248K
  class space    used 5522K, capacity 6616K, committed 6704K, reserved 1048576K
}
Event: 259,128 GC heap before
{Heap before GC invocations=25 (full 2):
 PSYoungGen      total 264704K, used 264320K [0x00000000ec180000, 0x00000000fed80000, 0x0000000100000000)
  eden space 264192K, 100% used [0x00000000ec180000,0x00000000fc380000,0x00000000fc380000)
  from space 512K, 25% used [0x00000000fed00000,0x00000000fed20000,0x00000000fed80000)
  to   space 9728K, 0% used [0x00000000fda80000,0x00000000fda80000,0x00000000fe400000)
 ParOldGen       total 59392K, used 34908K [0x00000000c4400000, 0x00000000c7e00000, 0x00000000ec180000)
  object space 59392K, 58% used [0x00000000c4400000,0x00000000c6617220,0x00000000c7e00000)
 Metaspace       used 31756K, capacity 34828K, committed 35120K, reserved 1077248K
  class space    used 5522K, capacity 6616K, committed 6704K, reserved 1048576K
Event: 259,132 GC heap after
Heap after GC invocations=25 (full 2):
 PSYoungGen      total 261632K, used 128K [0x00000000ec180000, 0x00000000fed80000, 0x0000000100000000)
  eden space 251904K, 0% used [0x00000000ec180000,0x00000000ec180000,0x00000000fb780000)
  from space 9728K, 1% used [0x00000000fda80000,0x00000000fdaa0000,0x00000000fe400000)
  to   space 9216K, 0% used [0x00000000fe480000,0x00000000fe480000,0x00000000fed80000)
 ParOldGen       total 59392K, used 34908K [0x00000000c4400000, 0x00000000c7e00000, 0x00000000ec180000)
  object space 59392K, 58% used [0x00000000c4400000,0x00000000c6617220,0x00000000c7e00000)
 Metaspace       used 31756K, capacity 34828K, committed 35120K, reserved 1077248K
  class space    used 5522K, capacity 6616K, committed 6704K, reserved 1048576K
}

